1732457586802:test
1732457592171:quit
1732458341023:o
1732458347117:test
1732458353453:hello ayoub 4
1732458359369:quit
1732458367133:test
1732458572011:exit
1732539701286:test
1732539705051:quit
1732630448684:test
1732630452976:find 1
1732630458033:find 0
1732630461597:find
1732630468298:add
1732630474377:find
1732630478894:find 1
1732630726371:find
1732630729411:find 1
1732630732462:add
1732630735941:find 1
1732630745642:add test 10
1732630749226:find 2
1732631008307:t
1732631015310:te
1732631070574:test
1732631074565:add
1732631117882:add b 56
1732631154766:add b 65
1732631176959:findById	--id 1
1732631228110:findById 1
1732631258219:quit
1732632829709:test
1732632837779:add
1732632872313:quit
